\BOOKMARK [1][-]{section.1}{\376\377\000C\000u\000l\000t\000u\000r\000e\000\040\000C\000o\000l\000l\000e\000c\000t\000i\000o\000n}{}% 1
\BOOKMARK [2][-]{subsection.1.1}{\376\377\000O\000v\000e\000r\000v\000i\000e\000w}{section.1}% 2
\BOOKMARK [2][-]{subsection.1.2}{\376\377\000M\000a\000t\000e\000r\000i\000a\000l\000s}{section.1}% 3
\BOOKMARK [2][-]{subsection.1.3}{\376\377\000M\000e\000t\000h\000o\000d}{section.1}% 4
\BOOKMARK [1][-]{section.2}{\376\377\000g\000D\000N\000A\000\040\000I\000s\000o\000l\000a\000t\000i\000o\000n}{}% 5
\BOOKMARK [2][-]{subsection.2.1}{\376\377\000O\000v\000e\000r\000v\000i\000e\000w}{section.2}% 6
\BOOKMARK [2][-]{subsection.2.2}{\376\377\000M\000a\000t\000e\000r\000i\000a\000l\000s}{section.2}% 7
\BOOKMARK [2][-]{subsection.2.3}{\376\377\000M\000e\000t\000h\000o\000d}{section.2}% 8
\BOOKMARK [1][-]{section.3}{\376\377\0001\0006\000S\000\040\000r\000D\000N\000A\000\040\000A\000m\000p\000l\000i\000f\000i\000c\000a\000t\000i\000o\000n}{}% 9
\BOOKMARK [2][-]{subsection.3.1}{\376\377\000O\000v\000e\000r\000v\000i\000e\000w}{section.3}% 10
\BOOKMARK [2][-]{subsection.3.2}{\376\377\000M\000a\000t\000e\000r\000i\000a\000l\000s}{section.3}% 11
\BOOKMARK [2][-]{subsection.3.3}{\376\377\000M\000e\000t\000h\000o\000d}{section.3}% 12
\BOOKMARK [1][-]{section.4}{\376\377\0001\0006\000S\000\040\000r\000D\000N\000A\000\040\000P\000u\000r\000i\000f\000i\000c\000a\000t\000i\000o\000n}{}% 13
\BOOKMARK [2][-]{subsection.4.1}{\376\377\000O\000v\000e\000r\000v\000i\000e\000w}{section.4}% 14
\BOOKMARK [2][-]{subsection.4.2}{\376\377\000M\000a\000t\000e\000r\000i\000a\000l\000s}{section.4}% 15
\BOOKMARK [2][-]{subsection.4.3}{\376\377\000M\000e\000t\000h\000o\000d\000s}{section.4}% 16
\BOOKMARK [1][-]{section.5}{\376\377\000S\000a\000n\000g\000e\000r\000\040\000S\000e\000q\000u\000e\000n\000c\000i\000n\000g}{}% 17
\BOOKMARK [2][-]{subsection.5.1}{\376\377\000O\000v\000e\000r\000v\000i\000e\000w}{section.5}% 18
\BOOKMARK [2][-]{subsection.5.2}{\376\377\000M\000a\000t\000e\000r\000i\000a\000l\000s}{section.5}% 19
\BOOKMARK [2][-]{subsection.5.3}{\376\377\000M\000e\000t\000h\000o\000d}{section.5}% 20
\BOOKMARK [1][-]{section.6}{\376\377\000A\000p\000p\000e\000n\000d\000i\000x}{}% 21
\BOOKMARK [1][-]{appendix.A}{\376\377\000P\000C\000R\000\040\000M\000a\000s\000t\000e\000r\000\040\000M\000i\000x}{}% 22
\BOOKMARK [1][-]{appendix.B}{\376\377\000P\000C\000R\000\040\000P\000r\000o\000g\000r\000a\000m}{}% 23
